<?xml version="1.0" encoding="utf-8"?>
<coverage line-rate="0.47450000000000003" branch-rate="0.6007" version="1.9" timestamp="1787647837" lines-covered="1193" lines-valid="2514" branches-covered="784" branches-valid="1305">
  <sources>
    <source>/Users/Shane/Desktop/OCProjects/src/JobTracker.Api/</source>
  </sources>
  <packages>
    <package name="JobTracker.Api" line-rate="0.47450000000000003" branch-rate="0.6007" complexity="1430">
      <classes>
        <class name="Program/&lt;&lt;Main&gt;$&gt;d__0" filename="Program.cs" line-rate="0" branch-rate="0" complexity="6">
          <methods>
            <method name="MoveNext" signature="()" line-rate="0" branch-rate="0" complexity="6">
              <lines>
                <line number="10" hits="0" branch="False" />
                <line number="11" hits="0" branch="False" />
                <line number="12" hits="0" branch="True" condition-coverage="0% (0/2)">
                  <conditions>
                    <condition number="81" type="jump" coverage="0%" />
                  </conditions>
                </line>
                <line number="14" hits="0" branch="False" />
                <line number="15" hits="0" branch="False" />
                <line number="16" hits="0" branch="False" />
                <line number="17" hits="0" branch="False" />
                <line number="18" hits="0" branch="False" />
                <line number="19" hits="0" branch="False" />
                <line number="20" hits="0" branch="False" />
                <line number="21" hits="0" branch="False" />
                <line number="22" hits="0" branch="False" />
                <line number="23" hits="0" branch="False" />
                <line number="24" hits="0" branch="False" />
                <line number="25" hits="0" branch="False" />
                <line number="26" hits="0" branch="False" />
                <line number="27" hits="0" branch="False" />
                <line number="28" hits="0" branch="False" />
                <line number="29" hits="0" branch="False" />
                <line number="30" hits="0" branch="False" />
                <line number="31" hits="0" branch="False" />
                <line number="32" hits="0" branch="False" />
                <line number="33" hits="0" branch="False" />
                <line number="34" hits="0" branch="True" condition-coverage="0% (0/2)">
                  <conditions>
                    <condition number="13" type="jump" coverage="0%" />
                  </conditions>
                </line>
                <line number="35" hits="0" branch="False" />
                <line number="36" hits="0" branch="False" />
                <line number="37" hits="0" branch="False" />
                <line number="39" hits="0" branch="False" />
                <line number="40" hits="0" branch="False" />
                <line number="42" hits="0" branch="False" />
                <line number="43" hits="0" branch="False" />
                <line number="44" hits="0" branch="True" condition-coverage="0% (0/2)">
                  <conditions>
                    <condition number="699" type="jump" coverage="0%" />
                  </conditions>
                </line>
                <line number="45" hits="0" branch="False" />
                <line number="46" hits="0" branch="False" />
                <line number="47" hits="0" branch="False" />
                <line number="48" hits="0" branch="False" />
                <line number="49" hits="0" branch="False" />
                <line number="50" hits="0" branch="False" />
              </lines>
            </method>
          </methods>
          <lines>
            <line number="10" hits="0" branch="False" />
            <line number="11" hits="0" branch="False" />
            <line number="12" hits="0" branch="True" condition-coverage="0% (0/2)">
              <conditions>
                <condition number="81" type="jump" coverage="0%" />
              </conditions>
            </line>
            <line number="14" hits="0" branch="False" />
            <line number="15" hits="0" branch="False" />
            <line number="16" hits="0" branch="False" />
            <line number="17" hits="0" branch="False" />
            <line number="18" hits="0" branch="False" />
            <line number="19" hits="0" branch="False" />
            <line number="20" hits="0" branch="False" />
            <line number="21" hits="0" branch="False" />
            <line number="22" hits="0" branch="False" />
            <line number="23" hits="0" branch="False" />
            <line number="24" hits="0" branch="False" />
            <line number="25" hits="0" branch="False" />
            <line number="26" hits="0" branch="False" />
            <line number="27" hits="0" branch="False" />
            <line number="28" hits="0" branch="False" />
            <line number="29" hits="0" branch="False" />
            <line number="30" hits="0" branch="False" />
            <line number="31" hits="0" branch="False" />
            <line number="32" hits="0" branch="False" />
            <line number="33" hits="0" branch="False" />
            <line number="34" hits="0" branch="True" condition-coverage="0% (0/2)">
              <conditions>
                <condition number="13" type="jump" coverage="0%" />
              </conditions>
            </line>
            <line number="35" hits="0" branch="False" />
            <line number="36" hits="0" branch="False" />
            <line number="37" hits="0" branch="False" />
            <line number="39" hits="0" branch="False" />
            <line number="40" hits="0" branch="False" />
            <line number="42" hits="0" branch="False" />
            <line number="43" hits="0" branch="False" />
            <line number="44" hits="0" branch="True" condition-coverage="0% (0/2)">
              <conditions>
                <condition number="699" type="jump" coverage="0%" />
              </conditions>
            </line>
            <line number="45" hits="0" branch="False" />
            <line number="46" hits="0" branch="False" />
            <line number="47" hits="0" branch="False" />
            <line number="48" hits="0" branch="False" />
            <line number="49" hits="0" branch="False" />
            <line number="50" hits="0" branch="False" />
          </lines>
        </class>
        <class name="System.Text.RegularExpressions.Generated.&lt;RegexGenerator_g&gt;F8E9F3E3391609DE3EAD16A21E1A210CCB0DA3F4BC975AD4F2F3645153CEB568E__HiringLineRegex_0" filename="obj/Release/net8.0/System.Text.RegularExpressions.Generator/System.Text.RegularExpressions.Generator.RegexGenerator/RegexGenerator.g.cs" line-rate="1" branch-rate="1" complexity="2">
          <methods>
            <method name=".ctor" signature="()" line-rate="1" branch-rate="1" complexity="1">
              <lines>
                <line number="496" hits="1" branch="False" />
                <line number="498" hits="1" branch="False" />
                <line number="499" hits="1" branch="False" />
                <line number="500" hits="1" branch="False" />
                <line number="501" hits="1" branch="False" />
                <line number="502" hits="1" branch="False" />
                <line number="503" hits="1" branch="False" />
                <line number="504" hits="1" branch="False" />
              </lines>
            </method>
            <method name=".cctor" signature="()" line-rate="1" branch-rate="1" complexity="1">
              <lines>
                <line number="493" hits="1" branch="False" />
              </lines>
            </method>
          </methods>
          <lines>
            <line number="496" hits="1" branch="False" />
            <line number="498" hits="1" branch="False" />
            <line number="499" hits="1" branch="False" />
            <line number="500" hits="1" branch="False" />
            <line number="501" hits="1" branch="False" />
            <line number="502" hits="1" branch="False" />
            <line number="503" hits="1" branch="False" />
            <line number="504" hits="1" branch="False" />
            <line number="493" hits="1" branch="False" />
          </lines>
        </class>
        <class name="System.Text.RegularExpressions.Generated.&lt;RegexGenerator_g&gt;F8E9F3E3391609DE3EAD16A21E1A210CCB0DA3F4BC975AD4F2F3645153CEB568E__HiringLineRegex_0/RunnerFactory" filename="obj/Release/net8.0/System.Text.RegularExpressions.Generator/System.Text.RegularExpressions.Generator.RegexGenerator/RegexGenerator.g.cs" line-rate="1" branch-rate="1" complexity="1">
          <methods>
            <method name="CreateInstance" signature="()" line-rate="1" branch-rate="1" complexity="1">
              <lines>
                <line number="510" hits="1" branch="False" />
              </lines>
            </method>
          </methods>
          <lines>
            <line number="510" hits="1" branch="False" />
          </lines>
        </class>
        <class name="System.Text.RegularExpressions.Generated.&lt;RegexGenerator_g&gt;F8E9F3E3391609DE3EAD16A21E1A210CCB0DA3F4BC975AD4F2F3645153CEB568E__HiringLineRegex_0/RunnerFactory/Runner" filename="obj/Release/net8.0/System.Text.RegularExpressions.Generator/System.Text.RegularExpressions.Generator.RegexGenerator/RegexGenerator.g.cs" line-rate="0.9113" branch-rate="0.8887999999999999" complexity="72">
          <methods>
            <method name="Scan" signature="(System.ReadOnlySpan`1&lt;System.Char&gt;)" line-rate="1" branch-rate="1" complexity="4">
              <lines>
                <line number="520" hits="23" branch="True" condition-coverage="100% (4/4)">
                  <conditions>
                    <condition number="7" type="jump" coverage="100%" />
                    <condition number="16" type="jump" coverage="100%" />
                  </conditions>
                </line>
                <line number="522" hits="16" branch="False" />
                <line number="524" hits="23" branch="False" />
              </lines>
            </method>
            <method name="TryFindNextPossibleStartingPosition" signature="(System.ReadOnlySpan`1&lt;System.Char&gt;)" line-rate="1" branch-rate="1" complexity="4">
              <lines>
                <line number="531" hits="23" branch="False" />
                <line number="534" hits="23" branch="True" condition-coverage="100% (2/2)">
                  <conditions>
                    <condition number="18" type="jump" coverage="100%" />
                  </conditions>
                </line>
                <line number="537" hits="17" branch="True" condition-coverage="100% (2/2)">
                  <conditions>
                    <condition number="21" type="jump" coverage="100%" />
                  </conditions>
                </line>
                <line number="539" hits="17" branch="False" />
                <line number="544" hits="6" branch="False" />
                <line number="545" hits="6" branch="False" />
              </lines>
            </method>
            <method name="TryMatchAtCurrentPosition" signature="(System.ReadOnlySpan`1&lt;System.Char&gt;)" line-rate="0.8955" branch-rate="0.8709" complexity="62">
              <lines>
                <line number="553" hits="17" branch="False" />
                <line number="554" hits="17" branch="False" />
                <line number="556" hits="17" branch="False" />
                <line number="557" hits="17" branch="False" />
                <line number="558" hits="17" branch="False" />
                <line number="559" hits="17" branch="False" />
                <line number="562" hits="17" branch="True" condition-coverage="50% (1/2)">
                  <conditions>
                    <condition number="28" type="jump" coverage="50%" />
                  </conditions>
                </line>
                <line number="564" hits="0" branch="False" />
                <line number="565" hits="0" branch="False" />
                <line number="570" hits="17" branch="False" />
                <line number="573" hits="17" branch="True" condition-coverage="83.33% (5/6)">
                  <conditions>
                    <condition number="48" type="jump" coverage="100%" />
                    <condition number="66" type="jump" coverage="50%" />
                    <condition number="93" type="jump" coverage="100%" />
                  </conditions>
                </line>
                <line number="575" hits="3" branch="False" />
                <line number="576" hits="3" branch="False" />
                <line number="581" hits="14" branch="True" condition-coverage="50% (3/6)">
                  <conditions>
                    <condition number="112" type="jump" coverage="50%" />
                    <condition number="130" type="jump" coverage="50%" />
                    <condition number="174" type="jump" coverage="50%" />
                  </conditions>
                </line>
                <line number="583" hits="0" branch="False" />
                <line number="584" hits="0" branch="False" />
                <line number="587" hits="14" branch="False" />
                <line number="588" hits="14" branch="False" />
                <line number="589" hits="14" branch="False" />
                <line number="590" hits="14" branch="False" />
                <line number="591" hits="14" branch="False" />
                <line number="594" hits="299" branch="False" />
                <line number="595" hits="299" branch="True" condition-coverage="50% (1/2)">
                  <conditions>
                    <condition number="222" type="jump" coverage="50%" />
                  </conditions>
                </line>
                <line number="597" hits="0" branch="False" />
                <line number="598" hits="0" branch="False" />
                <line number="600" hits="299" branch="False" />
                <line number="601" hits="299" branch="True" condition-coverage="50% (1/2)">
                  <conditions>
                    <condition number="244" type="jump" coverage="50%" />
                  </conditions>
                </line>
                <line number="603" hits="0" branch="False" />
                <line number="606" hits="299" branch="False" />
                <line number="607" hits="299" branch="False" />
                <line number="608" hits="299" branch="True" condition-coverage="83.33% (5/6)">
                  <conditions>
                    <condition number="272" type="jump" coverage="100%" />
                    <condition number="290" type="jump" coverage="50%" />
                    <condition number="334" type="jump" coverage="100%" />
                  </conditions>
                </line>
                <line number="610" hits="13" branch="False" />
                <line number="611" hits="13" branch="False" />
                <line number="613" hits="286" branch="False" />
                <line number="614" hits="286" branch="False" />
                <line number="615" hits="286" branch="False" />
                <line number="618" hits="300" branch="False" />
                <line number="621" hits="300" branch="False" />
                <line number="633" hits="300" branch="False" />
                <line number="634" hits="335" branch="True" condition-coverage="100% (4/4)">
                  <conditions>
                    <condition number="416" type="jump" coverage="100%" />
                    <condition number="399" type="jump" coverage="100%" />
                  </conditions>
                </line>
                <line number="636" hits="35" branch="False" />
                <line number="639" hits="300" branch="True" condition-coverage="100% (2/2)">
                  <conditions>
                    <condition number="420" type="jump" coverage="100%" />
                  </conditions>
                </line>
                <line number="644" hits="35" branch="False" />
                <line number="645" hits="35" branch="False" />
                <line number="650" hits="35" branch="True" condition-coverage="100% (2/2)">
                  <conditions>
                    <condition number="448" type="jump" coverage="100%" />
                  </conditions>
                </line>
                <line number="655" hits="35" branch="True" condition-coverage="100% (10/10)">
                  <conditions>
                    <condition number="480" type="jump" coverage="100%" />
                    <condition number="497" type="jump" coverage="100%" />
                    <condition number="468" type="jump" coverage="100%" />
                    <condition number="474" type="jump" coverage="100%" />
                    <condition number="491" type="jump" coverage="100%" />
                  </conditions>
                </line>
                <line number="659" hits="1" branch="True" condition-coverage="100% (4/4)">
                  <conditions>
                    <condition number="510" type="jump" coverage="100%" />
                    <condition number="529" type="jump" coverage="100%" />
                  </conditions>
                </line>
                <line number="664" hits="1" branch="False" />
                <line number="665" hits="1" branch="False" />
                <line number="666" hits="1" branch="False" />
                <line number="669" hits="8" branch="True" condition-coverage="100% (4/4)">
                  <conditions>
                    <condition number="558" type="jump" coverage="100%" />
                    <condition number="587" type="jump" coverage="100%" />
                  </conditions>
                </line>
                <line number="670" hits="8" branch="False" />
                <line number="675" hits="1" branch="False" />
                <line number="676" hits="1" branch="False" />
                <line number="686" hits="2" branch="False" />
                <line number="687" hits="4" branch="True" condition-coverage="100% (4/4)">
                  <conditions>
                    <condition number="643" type="jump" coverage="100%" />
                    <condition number="626" type="jump" coverage="100%" />
                  </conditions>
                </line>
                <line number="689" hits="2" branch="False" />
                <line number="692" hits="2" branch="True" condition-coverage="100% (2/2)">
                  <conditions>
                    <condition number="647" type="jump" coverage="100%" />
                  </conditions>
                </line>
                <line number="697" hits="2" branch="False" />
                <line number="698" hits="2" branch="False" />
                <line number="701" hits="2" branch="True" condition-coverage="100% (4/4)">
                  <conditions>
                    <condition number="676" type="jump" coverage="100%" />
                    <condition number="699" type="jump" coverage="100%" />
                  </conditions>
                </line>
                <line number="702" hits="2" branch="False" />
                <line number="708" hits="1" branch="True" condition-coverage="100% (2/2)">
                  <conditions>
                    <condition number="713" type="jump" coverage="100%" />
                  </conditions>
                </line>
                <line number="714" hits="1" branch="False" />
                <line number="715" hits="1" branch="False" />
                <line number="716" hits="1" branch="False" />
                <line number="717" hits="1" branch="False" />
              </lines>
            </method>
            <method name="&lt;TryMatchAtCurrentPosition&gt;g__UncaptureUntil|2_0" signature="(System.Int32)" line-rate="1" branch-rate="1" complexity="2">
              <lines>
                <line number="723" hits="614" branch="True" condition-coverage="100% (2/2)">
                  <conditions>
                    <condition number="15" type="jump" coverage="100%" />
                  </conditions>
                </line>
                <line number="725" hits="299" branch="False" />
                <line number="727" hits="315" branch="False" />
              </lines>
            </method>
          </methods>
          <lines>
            <line number="520" hits="23" branch="True" condition-coverage="100% (4/4)">
              <conditions>
                <condition number="7" type="jump" coverage="100%" />
                <condition number="16" type="jump" coverage="100%" />
              </conditions>
            </line>
            <line number="522" hits="16" branch="False" />
            <line number="524" hits="23" branch="False" />
            <line number="531" hits="23" branch="False" />
            <line number="534" hits="23" branch="True" condition-coverage="100% (2/2)">
              <conditions>
                <condition number="18" type="jump" coverage="100%" />
              </conditions>
            </line>
            <line number="537" hits="17" branch="True" condition-coverage="100% (2/2)">
              <conditions>
                <condition number="21" type="jump" coverage="100%" />
              </conditions>
            </line>
            <line number="539" hits="17" branch="False" />
            <line number="544" hits="6" branch="False" />
            <line number="545" hits="6" branch="False" />
            <line number="553" hits="17" branch="False" />
            <line number="554" hits="17" branch="False" />
            <line number="556" hits="17" branch="False" />
            <line number="557" hits="17" branch="False" />
            <line number="558" hits="17" branch="False" />
            <line number="559" hits="17" branch="False" />
            <line number="562" hits="17" branch="True" condition-coverage="50% (1/2)">
              <conditions>
                <condition number="28" type="jump" coverage="50%" />
              </conditions>
            </line>
            <line number="564" hits="0" branch="False" />
            <line number="565" hits="0" branch="False" />
            <line number="570" hits="17" branch="False" />
            <line number="573" hits="17" branch="True" condition-coverage="83.33% (5/6)">
              <conditions>
                <condition number="48" type="jump" coverage="100%" />
                <condition number="66" type="jump" coverage="50%" />
                <condition number="93" type="jump" coverage="100%" />
              </conditions>
            </line>
            <line number="575" hits="3" branch="False" />
            <line number="576" hits="3" branch="False" />
            <line number="581" hits="14" branch="True" condition-coverage="50% (3/6)">
              <conditions>
                <condition number="112" type="jump" coverage="50%" />
                <condition number="130" type="jump" coverage="50%" />
                <condition number="174" type="jump" coverage="50%" />
              </conditions>
            </line>
            <line number="583" hits="0" branch="False" />
            <line number="584" hits="0" branch="False" />
            <line number="587" hits="14" branch="False" />
            <line number="588" hits="14" branch="False" />
            <line number="589" hits="14" branch="False" />
            <line number="590" hits="14" branch="False" />
            <line number="591" hits="14" branch="False" />
            <line number="594" hits="299" branch="False" />
            <line number="595" hits="299" branch="True" condition-coverage="50% (1/2)">
              <conditions>
                <condition number="222" type="jump" coverage="50%" />
              </conditions>
            </line>
            <line number="597" hits="0" branch="False" />
            <line number="598" hits="0" branch="False" />
            <line number="600" hits="299" branch="False" />
            <line number="601" hits="299" branch="True" condition-coverage="50% (1/2)">
              <conditions>
                <condition number="244" type="jump" coverage="50%" />
              </conditions>
            </line>
            <line number="603" hits="0" branch="False" />
            <line number="606" hits="299" branch="False" />
            <line number="607" hits="299" branch="False" />
            <line number="608" hits="299" branch="True" condition-coverage="83.33% (5/6)">
              <conditions>
                <condition number="272" type="jump" coverage="100%" />
                <condition number="290" type="jump" coverage="50%" />
                <condition number="334" type="jump" coverage="100%" />
              </conditions>
            </line>
            <line number="610" hits="13" branch="False" />
            <line number="611" hits="13" branch="False" />
            <line number="613" hits="286" branch="False" />
            <line number="614" hits="286" branch="False" />
            <line number="615" hits="286" branch="False" />
            <line number="618" hits="300" branch="False" />
            <line number="621" hits="300" branch="False" />
            <line number="633" hits="300" branch="False" />
            <line number="634" hits="335" branch="True" condition-coverage="100% (4/4)">
              <conditions>
                <condition number="416" type="jump" coverage="100%" />
                <condition number="399" type="jump" coverage="100%" />
              </conditions>
            </line>
            <line number="636" hits="35" branch="False" />
            <line number="639" hits="300" branch="True" condition-coverage="100% (2/2)">
              <conditions>
                <condition number="420" type="jump" coverage="100%" />
              </conditions>
            </line>
            <line number="644" hits="35" branch="False" />
            <line number="645" hits="35" branch="False" />
            <line number="650" hits="35" branch="True" condition-coverage="100% (2/2)">
              <conditions>
                <condition number="448" type="jump" coverage="100%" />
              </conditions>
            </line>
            <line number="655" hits="35" branch="True" condition-coverage="100% (10/10)">
              <conditions>
                <condition number="480" type="jump" coverage="100%" />
                <condition number="497" type="jump" coverage="100%" />
                <condition number="468" type="jump" coverage="100%" />
                <condition number="474" type="jump" coverage="100%" />
                <condition number="491" type="jump" coverage="100%" />
              </conditions>
            </line>
            <line number="659" hits="1" branch="True" condition-coverage="100% (4/4)">
              <conditions>
                <condition number="510" type="jump" coverage="100%" />
                <condition number="529" type="jump" coverage="100%" />
              </conditions>
            </line>
            <line number="664" hits="1" branch="False" />
            <line number="665" hits="1" branch="False" />
            <line number="666" hits="1" branch="False" />
            <line number="669" hits="8" branch="True" condition-coverage="100% (4/4)">
              <conditions>
                <condition number="558" type="jump" coverage="100%" />
                <condition number="587" type="jump" coverage="100%" />
              </conditions>
            </line>
            <line number="670" hits="8" branch="False" />
            <line number="675" hits="1" branch="False" />
            <line number="676" hits="1" branch="False" />
            <line number="686" hits="2" branch="False" />
            <line number="687" hits="4" branch="True" condition-coverage="100% (4/4)">
              <conditions>
                <condition number="643" type="jump" coverage="100%" />
                <condition number="626" type="jump" coverage="100%" />
              </conditions>
            </line>
            <line number="689" hits="2" branch="False" />
            <line number="692" hits="2" branch="True" condition-coverage="100% (2/2)">
              <conditions>
                <condition number="647" type="jump" coverage="100%" />
              </conditions>
            </line>
            <line number="697" hits="2" branch="False" />
            <line number="698" hits="2" branch="False" />
            <line number="701" hits="2" branch="True" condition-coverage="100% (4/4)">
              <conditions>
                <condition number="676" type="jump" coverage="100%" />
                <condition number="699" type="jump" coverage="100%" />
              </conditions>
            </line>
            <line number="702" hits="2" branch="False" />
            <line number="708" hits="1" branch="True" condition-coverage="100% (2/2)">
              <conditions>
                <condition number="713" type="jump" coverage="100%" />
              </conditions>
            </line>
            <line number="714" hits="1" branch="False" />
            <line number="715" hits="1" branch="False" />
            <line number="716" hits="1" branch="False" />
            <line number="717" hits="1" branch="False" />
            <line number="723" hits="614" branch="True" condition-coverage="100% (2/2)">
              <conditions>
                <condition number="15" type="jump" coverage="100%" />
              </conditions>
            </line>
            <line number="725" hits="299" branch="False" />
            <line number="727" hits="315" branch="False" />
          </lines>
        </class>
        <class name="System.Text.RegularExpressions.Generated.&lt;RegexGenerator_g&gt;F8E9F3E3391609DE3EAD16A21E1A210CCB0DA3F4BC975AD4F2F3645153CEB568E__JoinLineRegex_1" filename="obj/Release/net8.0/System.Text.RegularExpressions.Generator/System.Text.RegularExpressions.Generator.RegexGenerator/RegexGenerator.g.cs" line-rate="1" branch-rate="1" complexity="2">
          <methods>
            <method name=".ctor" signature="()" line-rate="1" branch-rate="1" complexity="1">
              <lines>
                <line number="742" hits="1" branch="False" />
                <line number="744" hits="1" branch="False" />
                <line number="745" hits="1" branch="False" />
                <line number="746" hits="1" branch="False" />
                <line number="747" hits="1" branch="False" />
                <line number="748" hits="1" branch="False" />
                <line number="749" hits="1" branch="False" />
                <line number="750" hits="1" branch="False" />
              </lines>
            </method>
            <method name=".cctor" signature="()" line-rate="1" branch-rate="1" complexity="1">
              <lines>
                <line number="739" hits="1" branch="False" />
              </lines>
            </method>
          </methods>
          <lines>
            <line number="742" hits="1" branch="False" />
            <line number="744" hits="1" branch="False" />
            <line number="745" hits="1" branch="False" />
            <line number="746" hits="1" branch="False" />
            <line number="747" hits="1" branch="False" />
            <line number="748" hits="1" branch="False" />
            <line number="749" hits="1" branch="False" />
            <line number="750" hits="1" branch="False" />
            <line number="739" hits="1" branch="False" />
          </lines>
        </class>
        <class name="System.Text.RegularExpressions.Generated.&lt;RegexGenerator_g&gt;F8E9F3E3391609DE3EAD16A21E1A210CCB0DA3F4BC975AD4F2F3645153CEB568E__JoinLineRegex_1/RunnerFactory" filename="obj/Release/net8.0/System.Text.RegularExpressions.Generator/System.Text.RegularExpressions.Generator.RegexGenerator/RegexGenerator.g.cs" line-rate="1" branch-rate="1" complexity="1">
          <methods>
            <method name="CreateInstance" signature="()" line-rate="1" branch-rate="1" complexity="1">
              <lines>
                <line number="756" hits="1" branch="False" />
              </lines>
            </method>
          </methods>
          <lines>
            <line number="756" hits="1" branch="False" />
          </lines>
        </class>
        <class name="System.Text.RegularExpressions.Generated.&lt;RegexGenerator_g&gt;F8E9F3E3391609DE3EAD16A21E1A210CCB0DA3F4BC975AD4F2F3645153CEB568E__JoinLineRegex_1/RunnerFactory/Runner" filename="obj/Release/net8.0/System.Text.RegularExpressions.Generator/System.Text.RegularExpressions.Generator.RegexGenerator/RegexGenerator.g.cs" line-rate="0.7187" branch-rate="0.7406999999999999" complexity="54">
          <methods>
            <method name="Scan" signature="(System.ReadOnlySpan`1&lt;System.Char&gt;)" line-rate="1" branch-rate="1" complexity="4">
              <lines>
                <line number="766" hits="22" branch="True" condition-coverage="100% (4/4)">
                  <conditions>
                    <condition number="7" type="jump" coverage="100%" />
                    <condition number="16" type="jump" coverage="100%" />
                  </conditions>
                </line>
                <line number="768" hits="21" branch="False" />
                <line number="770" hits="22" branch="False" />
              </lines>
            </method>
            <method name="TryFindNextPossibleStartingPosition" signature="(System.ReadOnlySpan`1&lt;System.Char&gt;)" line-rate="0.6666" branch-rate="0.5" complexity="4">
              <lines>
                <line number="777" hits="22" branch="False" />
                <line number="780" hits="22" branch="True" condition-coverage="50% (1/2)">
                  <conditions>
                    <condition number="17" type="jump" coverage="50%" />
                  </conditions>
                </line>
                <line number="783" hits="22" branch="True" condition-coverage="50% (1/2)">
                  <conditions>
                    <condition number="20" type="jump" coverage="50%" />
                  </conditions>
                </line>
                <line number="785" hits="22" branch="False" />
                <line number="790" hits="0" branch="False" />
                <line number="791" hits="0" branch="False" />
              </lines>
            </method>
            <method name="TryMatchAtCurrentPosition" signature="(System.ReadOnlySpan`1&lt;System.Char&gt;)" line-rate="0.7115" branch-rate="0.75" complexity="44">
              <lines>
                <line number="799" hits="22" branch="False" />
                <line number="800" hits="22" branch="False" />
                <line number="802" hits="22" branch="False" />
                <line number="803" hits="22" branch="False" />
                <line number="806" hits="22" branch="True" condition-coverage="50% (1/2)">
                  <conditions>
                    <condition number="22" type="jump" coverage="50%" />
                  </conditions>
                </line>
                <line number="808" hits="0" branch="False" />
                <line number="809" hits="0" branch="False" />
                <line number="814" hits="22" branch="True" condition-coverage="50% (1/2)">
                  <conditions>
                    <condition number="40" type="jump" coverage="50%" />
                  </conditions>
                </line>
                <line number="816" hits="0" branch="False" />
                <line number="817" hits="0" branch="False" />
                <line number="820" hits="22" branch="True" condition-coverage="100% (10/10)">
                  <conditions>
                    <condition number="66" type="jump" coverage="100%" />
                    <condition number="72" type="jump" coverage="100%" />
                    <condition number="86" type="jump" coverage="100%" />
                    <condition number="78" type="jump" coverage="100%" />
                    <condition number="92" type="jump" coverage="100%" />
                  </conditions>
                </line>
                <line number="823" hits="1" branch="True" condition-coverage="50% (2/4)">
                  <conditions>
                    <condition number="102" type="jump" coverage="50%" />
                    <condition number="128" type="jump" coverage="50%" />
                  </conditions>
                </line>
                <line number="824" hits="1" branch="False" />
                <line number="826" hits="0" branch="False" />
                <line number="827" hits="0" branch="False" />
                <line number="830" hits="1" branch="False" />
                <line number="831" hits="1" branch="False" />
                <line number="832" hits="1" branch="False" />
                <line number="836" hits="2" branch="True" condition-coverage="75% (3/4)">
                  <conditions>
                    <condition number="163" type="jump" coverage="100%" />
                    <condition number="179" type="jump" coverage="50%" />
                  </conditions>
                </line>
                <line number="838" hits="2" branch="False" />
                <line number="839" hits="2" branch="False" />
                <line number="842" hits="0" branch="False" />
                <line number="843" hits="0" branch="False" />
                <line number="844" hits="0" branch="False" />
                <line number="847" hits="19" branch="False" />
                <line number="848" hits="19" branch="False" />
                <line number="854" hits="1" branch="False" />
                <line number="855" hits="2" branch="True" condition-coverage="100% (4/4)">
                  <conditions>
                    <condition number="252" type="jump" coverage="100%" />
                    <condition number="235" type="jump" coverage="100%" />
                  </conditions>
                </line>
                <line number="857" hits="1" branch="False" />
                <line number="860" hits="1" branch="True" condition-coverage="50% (1/2)">
                  <conditions>
                    <condition number="256" type="jump" coverage="50%" />
                  </conditions>
                </line>
                <line number="862" hits="0" branch="False" />
                <line number="863" hits="0" branch="False" />
                <line number="866" hits="1" branch="False" />
                <line number="867" hits="1" branch="False" />
                <line number="872" hits="1" branch="False" />
                <line number="875" hits="1" branch="True" condition-coverage="50% (3/6)">
                  <conditions>
                    <condition number="292" type="jump" coverage="50%" />
                    <condition number="310" type="jump" coverage="50%" />
                    <condition number="337" type="jump" coverage="50%" />
                  </conditions>
                </line>
                <line number="877" hits="0" branch="False" />
                <line number="878" hits="0" branch="False" />
                <line number="883" hits="1" branch="False" />
                <line number="884" hits="1" branch="False" />
                <line number="885" hits="1" branch="False" />
                <line number="886" hits="29" branch="True" condition-coverage="87.5% (7/8)">
                  <conditions>
                    <condition number="448" type="jump" coverage="100%" />
                    <condition number="377" type="jump" coverage="100%" />
                    <condition number="388" type="jump" coverage="100%" />
                    <condition number="407" type="jump" coverage="50%" />
                  </conditions>
                </line>
                <line number="888" hits="28" branch="False" />
                <line number="891" hits="1" branch="True" condition-coverage="50% (1/2)">
                  <conditions>
                    <condition number="452" type="jump" coverage="50%" />
                  </conditions>
                </line>
                <line number="893" hits="0" branch="False" />
                <line number="894" hits="0" branch="False" />
                <line number="897" hits="1" branch="False" />
                <line number="898" hits="1" branch="False" />
                <line number="901" hits="1" branch="False" />
                <line number="905" hits="1" branch="False" />
                <line number="906" hits="1" branch="False" />
                <line number="907" hits="1" branch="False" />
              </lines>
            </method>
            <method name="&lt;TryMatchAtCurrentPosition&gt;g__UncaptureUntil|2_0" signature="(System.Int32)" line-rate="0.6666" branch-rate="0.5" complexity="2">
              <lines>
                <line number="913" hits="21" branch="True" condition-coverage="50% (1/2)">
                  <conditions>
                    <condition number="15" type="jump" coverage="50%" />
                  </conditions>
                </line>
                <line number="915" hits="0" branch="False" />
                <line number="917" hits="21" branch="False" />
              </lines>
            </method>
          </methods>
          <lines>
            <line number="766" hits="22" branch="True" condition-coverage="100% (4/4)">
              <conditions>
                <condition number="7" type="jump" coverage="100%" />
                <condition number="16" type="jump" coverage="100%" />
              </conditions>
            </line>
            <line number="768" hits="21" branch="False" />
            <line number="770" hits="22" branch="False" />
            <line number="777" hits="22" branch="False" />
            <line number="780" hits="22" branch="True" condition-coverage="50% (1/2)">
              <conditions>
                <condition number="17" type="jump" coverage="50%" />
              </conditions>
            </line>
            <line number="783" hits="22" branch="True" condition-coverage="50% (1/2)">
              <conditions>
                <condition number="20" type="jump" coverage="50%" />
              </conditions>
            </line>
            <line number="785" hits="22" branch="False" />
            <line number="790" hits="0" branch="False" />
            <line number="791" hits="0" branch="False" />
            <line number="799" hits="22" branch="False" />
            <line number="800" hits="22" branch="False" />
            <line number="802" hits="22" branch="False" />
            <line number="803" hits="22" branch="False" />
            <line number="806" hits="22" branch="True" condition-coverage="50% (1/2)">
              <conditions>
                <condition number="22" type="jump" coverage="50%" />
              </conditions>
            </line>
            <line number="808" hits="0" branch="False" />
            <line number="809" hits="0" branch="False" />
            <line number="814" hits="22" branch="True" condition-coverage="50% (1/2)">
              <conditions>
                <condition number="40" type="jump" coverage="50%" />
              </conditions>
            </line>
            <line number="816" hits="0" branch="False" />
            <line number="817" hits="0" branch="False" />
            <line number="820" hits="22" branch="True" condition-coverage="100% (10/10)">
              <conditions>
                <condition number="66" type="jump" coverage="100%" />
                <condition number="72" type="jump" coverage="100%" />
                <condition number="86" type="jump" coverage="100%" />
                <condition number="78" type="jump" coverage="100%" />
                <condition number="92" type="jump" coverage="100%" />
              </conditions>
            </line>
            <line number="823" hits="1" branch="True" condition-coverage="50% (2/4)">
              <conditions>
                <condition number="102" type="jump" coverage="50%" />
                <condition number="128" type="jump" coverage="50%" />
              </conditions>
            </line>
            <line number="824" hits="1" branch="False" />
            <line number="826" hits="0" branch="False" />
            <line number="827" hits="0" branch="False" />
            <line number="830" hits="1" branch="False" />
            <line number="831" hits="1" branch="False" />
            <line number="832" hits="1" branch="False" />
            <line number="836" hits="2" branch="True" condition-coverage="75% (3/4)">
              <conditions>
                <condition number="163" type="jump" coverage="100%" />
                <condition number="179" type="jump" coverage="50%" />
              </conditions>
            </line>
            <line number="838" hits="2" branch="False" />
            <line number="839" hits="2" branch="False" />
            <line number="842" hits="0" branch="False" />
            <line number="843" hits="0" branch="False" />
            <line number="844" hits="0" branch="False" />
            <line number="847" hits="19" branch="False" />
            <line number="848" hits="19" branch="False" />
            <line number="854" hits="1" branch="False" />
            <line number="855" hits="2" branch="True" condition-coverage="100% (4/4)">
              <conditions>
                <condition number="252" type="jump" coverage="100%" />
                <condition number="235" type="jump" coverage="100%" />
              </conditions>
            </line>
            <line number="857" hits="1" branch="False" />
            <line number="860" hits="1" branch="True" condition-coverage="50% (1/2)">
              <conditions>
                <condition number="256" type="jump" coverage="50%" />
              </conditions>
            </line>
            <line number="862" hits="0" branch="False" />
            <line number="863" hits="0" branch="False" />
            <line number="866" hits="1" branch="False" />
            <line number="867" hits="1" branch="False" />
            <line number="872" hits="1" branch="False" />
            <line number="875" hits="1" branch="True" condition-coverage="50% (3/6)">
              <conditions>
                <condition number="292" type="jump" coverage="50%" />
                <condition number="310" type="jump" coverage="50%" />
                <condition number="337" type="jump" coverage="50%" />
              </conditions>
            </line>
            <line number="877" hits="0" branch="False" />
            <line number="878" hits="0" branch="False" />
            <line number="883" hits="1" branch="False" />
            <line number="884" hits="1" branch="False" />
            <line number="885" hits="1" branch="False" />
            <line number="886" hits="29" branch="True" condition-coverage="87.5% (7/8)">
              <conditions>
                <condition number="448" type="jump" coverage="100%" />
                <condition number="377" type="jump" coverage="100%" />
                <condition number="388" type="jump" coverage="100%" />
                <condition number="407" type="jump" coverage="50%" />
              </conditions>
            </line>
            <line number="888" hits="28" branch="False" />
            <line number="891" hits="1" branch="True" condition-coverage="50% (1/2)">
              <conditions>
                <condition number="452" type="jump" coverage="50%" />
              </conditions>
            </line>
            <line number="893" hits="0" branch="False" />
            <line number="894" hits="0" branch="False" />
            <line number="897" hits="1" branch="False" />
            <line number="898" hits="1" branch="False" />
            <line number="901" hits="1" branch="False" />
            <line number="905" hits="1" branch="False" />
            <line number="906" hits="1" branch="False" />
            <line number="907" hits="1" branch="False" />
            <line number="913" hits="21" branch="True" condition-coverage="50% (1/2)">
              <conditions>
                <condition number="15" type="jump" coverage="50%" />
              </conditions>
            </line>
            <line number="915" hits="0" branch="False" />
            <line number="917" hits="21" branch="False" />
          </lines>
        </class>
        <class name="System.Text.RegularExpressions.Generated.&lt;RegexGenerator_g&gt;F8E9F3E3391609DE3EAD16A21E1A210CCB0DA3F4BC975AD4F2F3645153CEB568E__AboutLineRegex_2" filename="obj/Release/net8.0/System.Text.RegularExpressions.Generator/System.Text.RegularExpressions.Generator.RegexGenerator/RegexGenerator.g.cs" line-rate="1" branch-rate="1" complexity="2">
          <methods>
            <method name=".ctor" signature="()" line-rate="1" branch-rate="1" complexity="1">
              <lines>
                <line number="932" hits="1" branch="False" />
                <line number="934" hits="1" branch="False" />
                <line number="935" hits="1" branch="False" />
                <line number="936" hits="1" branch="False" />
                <line number="937" hits="1" branch="False" />
                <line number="938" hits="1" branch="False" />
                <line number="939" hits="1" branch="False" />
                <line number="940" hits="1" branch="False" />
              </lines>
            </method>
            <method name=".cctor" signature="()" line-rate="1" branch-rate="1" complexity="1">
              <lines>
                <line number="929" hits="1" branch="False" />
              </lines>
            </method>
          </methods>
          <lines>
            <line number="932" hits="1" branch="False" />
            <line number="934" hits="1" branch="False" />
            <line number="935" hits="1" branch="False" />
            <line number="936" hits="1" branch="False" />
            <line number="937" hits="1" branch="False" />
            <line number="938" hits="1" branch="False" />
            <line number="939" hits="1" branch="False" />
            <line number="940" hits="1" branch="False" />
            <line number="929" hits="1" branch="False" />
          </lines>
        </class>
        <class name="System.Text.RegularExpressions.Generated.&lt;RegexGenerator_g&gt;F8E9F3E3391609DE3EAD16A21E1A210CCB0DA3F4BC975AD4F2F3645153CEB568E__AboutLineRegex_2/RunnerFactory" filename="obj/Release/net8.0/System.Text.RegularExpressions.Generator/System.Text.RegularExpressions.Generator.RegexGenerator/RegexGenerator.g.cs" line-rate="1" branch-rate="1" complexity="1">
          <methods>
            <method name="CreateInstance" signature="()" line-rate="1" branch-rate="1" complexity="1">
              <lines>
                <line number="946" hits="1" branch="False" />
              </lines>
            </method>
          </methods>
          <lines>
            <line number="946" hits="1" branch="False" />
          </lines>
        </class>
        <class name="System.Text.RegularExpressions.Generated.&lt;RegexGenerator_g&gt;F8E9F3E3391609DE3EAD16A21E1A210CCB0DA3F4BC975AD4F2F3645153CEB568E__AboutLineRegex_2/RunnerFactory/Runner" filename="obj/Release/net8.0/System.Text.RegularExpressions.Generator/System.Text.RegularExpressions.Generator.RegexGenerator/RegexGenerator.g.cs" line-rate="0.7228" branch-rate="0.7142000000000001" complexity="56">
          <methods>
            <method name="Scan" signature="(System.ReadOnlySpan`1&lt;System.Char&gt;)" line-rate="1" branch-rate="1" complexity="4">
              <lines>
                <line number="956" hits="21" branch="True" condition-coverage="100% (4/4)">
                  <conditions>
                    <condition number="7" type="jump" coverage="100%" />
                    <condition number="16" type="jump" coverage="100%" />
                  </conditions>
                </line>
                <line number="958" hits="18" branch="False" />
                <line number="960" hits="21" branch="False" />
              </lines>
            </method>
            <method name="TryFindNextPossibleStartingPosition" signature="(System.ReadOnlySpan`1&lt;System.Char&gt;)" line-rate="1" branch-rate="1" complexity="4">
              <lines>
                <line number="967" hits="21" branch="False" />
                <line number="970" hits="21" branch="True" condition-coverage="100% (2/2)">
                  <conditions>
                    <condition number="17" type="jump" coverage="100%" />
                  </conditions>
                </line>
                <line number="973" hits="19" branch="True" condition-coverage="100% (2/2)">
                  <conditions>
                    <condition number="20" type="jump" coverage="100%" />
                  </conditions>
                </line>
                <line number="975" hits="19" branch="False" />
                <line number="980" hits="2" branch="False" />
                <line number="981" hits="2" branch="False" />
              </lines>
            </method>
            <method name="TryMatchAtCurrentPosition" signature="(System.ReadOnlySpan`1&lt;System.Char&gt;)" line-rate="0.6901" branch-rate="0.6739" complexity="46">
              <lines>
                <line number="989" hits="19" branch="False" />
                <line number="990" hits="19" branch="False" />
                <line number="992" hits="19" branch="False" />
                <line number="993" hits="19" branch="False" />
                <line number="994" hits="38" branch="False" />
                <line number="995" hits="19" branch="False" />
                <line number="996" hits="19" branch="False" />
                <line number="997" hits="19" branch="False" />
                <line number="1000" hits="19" branch="True" condition-coverage="50% (1/2)">
                  <conditions>
                    <condition number="37" type="jump" coverage="50%" />
                  </conditions>
                </line>
                <line number="1002" hits="0" branch="False" />
                <line number="1003" hits="0" branch="False" />
                <line number="1006" hits="19" branch="True" condition-coverage="100% (4/4)">
                  <conditions>
                    <condition number="56" type="jump" coverage="100%" />
                    <condition number="76" type="jump" coverage="100%" />
                  </conditions>
                </line>
                <line number="1007" hits="19" branch="False" />
                <line number="1009" hits="18" branch="False" />
                <line number="1010" hits="18" branch="False" />
                <line number="1015" hits="1" branch="False" />
                <line number="1016" hits="1" branch="False" />
                <line number="1017" hits="1" branch="False" />
                <line number="1019" hits="1" branch="False" />
                <line number="1020" hits="2" branch="True" condition-coverage="100% (4/4)">
                  <conditions>
                    <condition number="141" type="jump" coverage="100%" />
                    <condition number="124" type="jump" coverage="100%" />
                  </conditions>
                </line>
                <line number="1022" hits="1" branch="False" />
                <line number="1025" hits="1" branch="True" condition-coverage="50% (1/2)">
                  <conditions>
                    <condition number="145" type="jump" coverage="50%" />
                  </conditions>
                </line>
                <line number="1027" hits="0" branch="False" />
                <line number="1028" hits="0" branch="False" />
                <line number="1031" hits="1" branch="False" />
                <line number="1032" hits="1" branch="False" />
                <line number="1034" hits="1" branch="False" />
                <line number="1035" hits="1" branch="False" />
                <line number="1036" hits="1" branch="False" />
                <line number="1039" hits="0" branch="False" />
                <line number="1041" hits="0" branch="True" condition-coverage="0% (0/2)">
                  <conditions>
                    <condition number="196" type="jump" coverage="0%" />
                  </conditions>
                </line>
                <line number="1043" hits="0" branch="False" />
                <line number="1046" hits="0" branch="True" condition-coverage="0% (0/2)">
                  <conditions>
                    <condition number="208" type="jump" coverage="0%" />
                  </conditions>
                </line>
                <line number="1048" hits="0" branch="False" />
                <line number="1049" hits="0" branch="False" />
                <line number="1051" hits="0" branch="False" />
                <line number="1052" hits="0" branch="False" />
                <line number="1055" hits="1" branch="False" />
                <line number="1060" hits="1" branch="False" />
                <line number="1063" hits="1" branch="False" />
                <line number="1065" hits="1" branch="False" />
                <line number="1067" hits="1" branch="True" condition-coverage="75% (3/4)">
                  <conditions>
                    <condition number="282" type="jump" coverage="100%" />
                    <condition number="302" type="jump" coverage="50%" />
                  </conditions>
                </line>
                <line number="1068" hits="1" branch="False" />
                <line number="1075" hits="0" branch="False" />
                <line number="1076" hits="0" branch="False" />
                <line number="1077" hits="0" branch="False" />
                <line number="1078" hits="0" branch="True" condition-coverage="0% (0/4)">
                  <conditions>
                    <condition number="355" type="jump" coverage="0%" />
                    <condition number="338" type="jump" coverage="0%" />
                  </conditions>
                </line>
                <line number="1080" hits="0" branch="False" />
                <line number="1083" hits="0" branch="True" condition-coverage="50% (1/2)">
                  <conditions>
                    <condition number="359" type="jump" coverage="50%" />
                  </conditions>
                </line>
                <line number="1088" hits="0" branch="False" />
                <line number="1089" hits="0" branch="False" />
                <line number="1094" hits="0" branch="True" condition-coverage="100% (2/2)">
                  <conditions>
                    <condition number="379" type="jump" coverage="100%" />
                  </conditions>
                </line>
                <line number="1096" hits="0" branch="False" />
                <line number="1102" hits="1" branch="True" condition-coverage="50% (1/2)">
                  <conditions>
                    <condition number="394" type="jump" coverage="50%" />
                  </conditions>
                </line>
                <line number="1107" hits="1" branch="False" />
                <line number="1108" hits="1" branch="False" />
                <line number="1109" hits="1" branch="False" />
                <line number="1115" hits="1" branch="False" />
                <line number="1118" hits="1" branch="True" condition-coverage="83.33% (5/6)">
                  <conditions>
                    <condition number="453" type="jump" coverage="100%" />
                    <condition number="498" type="jump" coverage="100%" />
                    <condition number="471" type="jump" coverage="50%" />
                  </conditions>
                </line>
                <line number="1125" hits="1" branch="False" />
                <line number="1126" hits="1" branch="False" />
                <line number="1127" hits="1" branch="False" />
                <line number="1128" hits="10" branch="True" condition-coverage="87.5% (7/8)">
                  <conditions>
                    <condition number="600" type="jump" coverage="100%" />
                    <condition number="529" type="jump" coverage="100%" />
                    <condition number="540" type="jump" coverage="100%" />
                    <condition number="559" type="jump" coverage="50%" />
                  </conditions>
                </line>
                <line number="1130" hits="9" branch="False" />
                <line number="1133" hits="1" branch="True" condition-coverage="100% (2/2)">
                  <conditions>
                    <condition number="604" type="jump" coverage="100%" />
                  </conditions>
                </line>
                <line number="1138" hits="1" branch="False" />
                <line number="1139" hits="1" branch="False" />
                <line number="1142" hits="1" branch="False" />
                <line number="1146" hits="1" branch="False" />
                <line number="1147" hits="1" branch="False" />
                <line number="1148" hits="1" branch="False" />
              </lines>
            </method>
            <method name="&lt;TryMatchAtCurrentPosition&gt;g__UncaptureUntil|2_0" signature="(System.Int32)" line-rate="0.6666" branch-rate="0.5" complexity="2">
              <lines>
                <line number="1154" hits="19" branch="True" condition-coverage="50% (1/2)">
                  <conditions>
                    <condition number="15" type="jump" coverage="50%" />
                  </conditions>
                </line>
                <line number="1156" hits="0" branch="False" />
                <line number="1158" hits="19" branch="False" />
              </lines>
            </method>
          </methods>
          <lines>
            <line number="956" hits="21" branch="True" condition-coverage="100% (4/4)">
              <conditions>
                <condition number="7" type="jump" coverage="100%" />
                <condition number="16" type="jump" coverage="100%" />
              </conditions>
            </line>
            <line number="958" hits="18" branch="False" />
            <line number="960" hits="21" branch="False" />
            <line number="967" hits="21" branch="False" />
            <line number="970" hits="21" branch="True" condition-coverage="100% (2/2)">
              <conditions>
                <condition number="17" type="jump" coverage="100%" />
              </conditions>
            </line>
            <line number="973" hits="19" branch="True" condition-coverage="100% (2/2)">
              <conditions>
                <condition number="20" type="jump" coverage="100%" />
              </conditions>
            </line>
            <line number="975" hits="19" branch="False" />
            <line number="980" hits="2" branch="False" />
            <line number="981" hits="2" branch="False" />
            <line number="989" hits="19" branch="False" />
            <line number="990" hits="19" branch="False" />
            <line number="992" hits="19" branch="False" />
            <line number="993" hits="19" branch="False" />
            <line number="994" hits="38" branch="False" />
            <line number="995" hits="19" branch="False" />
            <line number="996" hits="19" branch="False" />
            <line number="997" hits="19" branch="False" />
            <line number="1000" hits="19" branch="True" condition-coverage="50% (1/2)">
              <conditions>
                <condition number="37" type="jump" coverage="50%" />
              </conditions>
            </line>
            <line number="1002" hits="0" branch="False" />
            <line number="1003" hits="0" branch="False" />
            <line number="1006" hits="19" branch="True" condition-coverage="100% (4/4)">
              <conditions>
                <condition number="56" type="jump" coverage="100%" />
                <condition number="76" type="jump" coverage="100%" />
              </conditions>
            </line>
            <line number="1007" hits="19" branch="False" />
            <line number="1009" hits="18" branch="False" />
            <line number="1010" hits="18" branch="False" />
            <line number="1015" hits="1" branch="False" />
            <line number="1016" hits="1" branch="False" />
            <line number="1017" hits="1" branch="False" />
            <line number="1019" hits="1" branch="False" />
            <line number="1020" hits="2" branch="True" condition-coverage="100% (4/4)">
              <conditions>
                <condition number="141" type="jump" coverage="100%" />
                <condition number="124" type="jump" coverage="100%" />
              </conditions>
            </line>
            <line number="1022" hits="1" branch="False" />
            <line number="1025" hits="1" branch="True" condition-coverage="50% (1/2)">
              <conditions>
                <condition number="145" type="jump" coverage="50%" />
              </conditions>
            </line>
            <line number="1027" hits="0" branch="False" />
            <line number="1028" hits="0" branch="False" />
            <line number="1031" hits="1" branch="False" />
            <line number="1032" hits="1" branch="False" />
            <line number="1034" hits="1" branch="False" />
            <line number="1035" hits="1" branch="False" />
            <line number="1036" hits="1" branch="False" />
            <line number="1039" hits="0" branch="False" />
            <line number="1041" hits="0" branch="True" condition-coverage="0% (0/2)">
              <conditions>
                <condition number="196" type="jump" coverage="0%" />
              </conditions>
            </line>
            <line number="1043" hits="0" branch="False" />
            <line number="1046" hits="0" branch="True" condition-coverage="0% (0/2)">
              <conditions>
                <condition number="208" type="jump" coverage="0%" />
              </conditions>
            </line>
            <line number="1048" hits="0" branch="False" />
            <line number="1049" hits="0" branch="False" />
            <line number="1051" hits="0" branch="False" />
            <line number="1052" hits="0" branch="False" />
            <line number="1055" hits="1" branch="False" />
            <line number="1060" hits="1" branch="False" />
            <line number="1063" hits="1" branch="False" />
            <line number="1065" hits="1" branch="False" />
            <line number="1067" hits="1" branch="True" condition-coverage="75% (3/4)">
              <conditions>
                <condition number="282" type="jump" coverage="100%" />
                <condition number="302" type="jump" coverage="50%" />
              </conditions>
            </line>
            <line number="1068" hits="1" branch="False" />
            <line number="1075" hits="0" branch="False" />
            <line number="1076" hits="0" branch="False" />
            <line number="1077" hits="0" branch="False" />
            <line number="1078" hits="0" branch="True" condition-coverage="0% (0/4)">
              <conditions>
                <condition number="355" type="jump" coverage="0%" />
                <condition number="338" type="jump" coverage="0%" />
              </conditions>
            </line>
            <line number="1080" hits="0" branch="False" />
            <line number="1083" hits="0" branch="True" condition-coverage="50% (1/2)">
              <conditions>
                <condition number="359" type="jump" coverage="50%" />
              </conditions>
            </line>
            <line number="1088" hits="0" branch="False" />
            <line number="1089" hits="0" branch="False" />
            <line number="1094" hits="0" branch="True" condition-coverage="100% (2/2)">
              <conditions>
                <condition number="379" type="jump" coverage="100%" />
              </conditions>
            </line>
            <line number="1096" hits="0" branch="False" />
            <line number="1102" hits="1" branch="True" condition-coverage="50% (1/2)">
              <conditions>
                <condition number="394" type="jump" coverage="50%" />
              </conditions>
            </line>
            <line number="1107" hits="1" branch="False" />
            <line number="1108" hits="1" branch="False" />
            <line number="1109" hits="1" branch="False" />
            <line number="1115" hits="1" branch="False" />
            <line number="1118" hits="1" branch="True" condition-coverage="83.33% (5/6)">
              <conditions>
                <condition number="453" type="jump" coverage="100%" />
                <condition number="498" type="jump" coverage="100%" />
                <condition number="471" type="jump" coverage="50%" />
              </conditions>
            </line>
            <line number="1125" hits="1" branch="False" />
            <line number="1126" hits="1" branch="False" />
            <line number="1127" hits="1" branch="False" />
            <line number="1128" hits="10" branch="True" condition-coverage="87.5% (7/8)">
              <conditions>
                <condition number="600" type="jump" coverage="100%" />
                <condition number="529" type="jump" coverage="100%" />
                <condition number="540" type="jump" coverage="100%" />
                <condition number="559" type="jump" coverage="50%" />
              </conditions>
            </line>
            <line number="1130" hits="9" branch="False" />
            <line number="1133" hits="1" branch="True" condition-coverage="100% (2/2)">
              <conditions>
                <condition number="604" type="jump" coverage="100%" />
              </conditions>
            </line>
            <line number="1138" hits="1" branch="False" />
            <line number="1139" hits="1" branch="False" />
            <line number="1142" hits="1" branch="False" />
            <line number="1146" hits="1" branch="False" />
            <line number="1147" hits="1" branch="False" />
            <line number="1148" hits="1" branch="False" />
            <line number="1154" hits="19" branch="True" condition-coverage="50% (1/2)">
              <conditions>
                <condition number="15" type="jump" coverage="50%" />
              </conditions>
            </line>
            <line number="1156" hits="0" branch="False" />
            <line number="1158" hits="19" branch="False" />
          </lines>
        </class>
        <class name="System.Text.RegularExpressions.Generated.&lt;RegexGenerator_g&gt;F8E9F3E3391609DE3EAD16A21E1A210CCB0DA3F4BC975AD4F2F3645153CEB568E__RemoteRegex_3" filename="obj/Release/net8.0/System.Text.RegularExpressions.Generator/System.Text.RegularExpressions.Generator.RegexGenerator/RegexGenerator.g.cs" line-rate="1" branch-rate="1" complexity="2">
          <methods>
            <method name=".ctor" signature="()" line-rate="1" branch-rate="1" complexity="1">
              <lines>
                <line number="1173" hits="1" branch="False" />
                <line number="1175" hits="1" branch="False" />
                <line number="1176" hits="1" branch="False" />
                <line number="1177" hits="1" branch="False" />
                <line number="1178" hits="1" branch="False" />
                <line number="1179" hits="1" branch="False" />
                <line number="1180" hits="1" branch="False" />
                <line number="1181" hits="1" branch="False" />
              </lines>
            </method>
            <method name=".cctor" signature="()" line-rate="1" branch-rate="1" complexity="1">
              <lines>
                <line number="1170" hits="1" branch="False" />
              </lines>
            </method>
          </methods>
          <lines>
            <line number="1173" hits="1" branch="False" />
            <line number="1175" hits="1" branch="False" />
            <line number="1176" hits="1" branch="False" />
            <line number="1177" hits="1" branch="False" />
            <line number="1178" hits="1" branch="False" />
            <line number="1179" hits="1" branch="False" />
            <line number="1180" hits="1" branch="False" />
            <line number="1181" hits="1" branch="False" />
            <line number="1170" hits="1" branch="False" />
          </lines>
        </class>
        <class name="System.Text.RegularExpressions.Generated.&lt;RegexGenerator_g&gt;F8E9F3E3391609DE3EAD16A21E1A210CCB0DA3F4BC975AD4F2F3645153CEB568E__RemoteRegex_3/RunnerFactory" filename="obj/Release/net8.0/System.Text.RegularExpressions.Generator/System.Text.RegularExpressions.Generator.RegexGenerator/RegexGenerator.g.cs" line-rate="1" branch-rate="1" complexity="1">
          <methods>
            <method name="CreateInstance" signature="()" line-rate="1" branch-rate="1" complexity="1">
              <lines>
                <line number="1187" hits="1" branch="False" />
              </lines>
            </method>
          </methods>
          <lines>
            <line number="1187" hits="1" branch="False" />
          </lines>
        </class>
        <class name="System.Text.RegularExpressions.Generated.&lt;RegexGenerator_g&gt;F8E9F3E3391609DE3EAD16A21E1A210CCB0DA3F4BC975AD4F2F3645153CEB568E__RemoteRegex_3/RunnerFactory/Runner" filename="obj/Release/net8.0/System.Text.RegularExpressions.Generator/System.Text.RegularExpressions.Generator.RegexGenerator/RegexGenerator.g.cs" line-rate="0.7192000000000001" branch-rate="0.7" complexity="50">
          <methods>
            <method name="Scan" signature="(System.ReadOnlySpan`1&lt;System.Char&gt;)" line-rate="0.8571" branch-rate="0.875" complexity="8">
              <lines>
                <line number="1197" hits="10" branch="True" condition-coverage="100% (6/6)">
                  <conditions>
                    <condition number="60" type="jump" coverage="100%" />
                    <condition number="36" type="jump" coverage="100%" />
                    <condition number="45" type="jump" coverage="100%" />
                  </conditions>
                </line>
                <line number="1198" hits="10" branch="False" />
                <line number="1199" hits="10" branch="False" />
                <line number="1201" hits="1" branch="False" />
                <line number="1202" hits="1" branch="True" condition-coverage="50% (1/2)">
                  <conditions>
                    <condition number="21" type="jump" coverage="50%" />
                  </conditions>
                </line>
                <line number="1204" hits="0" branch="False" />
                <line number="1207" hits="9" branch="False" />
              </lines>
            </method>
            <method name="TryFindNextPossibleStartingPosition" signature="(System.ReadOnlySpan`1&lt;System.Char&gt;)" line-rate="1" branch-rate="0.9285" complexity="14">
              <lines>
                <line number="1214" hits="10" branch="False" />
                <line number="1219" hits="10" branch="True" condition-coverage="100% (2/2)">
                  <conditions>
                    <condition number="17" type="jump" coverage="100%" />
                  </conditions>
                </line>
                <line number="1223" hits="10" branch="False" />
                <line number="1224" hits="76" branch="True" condition-coverage="100% (2/2)">
                  <conditions>
                    <condition number="224" type="jump" coverage="100%" />
                  </conditions>
                </line>
                <line number="1226" hits="35" branch="False" />
                <line number="1227" hits="35" branch="True" condition-coverage="100% (2/2)">
                  <conditions>
                    <condition number="63" type="jump" coverage="100%" />
                  </conditions>
                </line>
                <line number="1231" hits="32" branch="False" />
                <line number="1236" hits="32" branch="True" condition-coverage="100% (2/2)">
                  <conditions>
                    <condition number="86" type="jump" coverage="100%" />
                  </conditions>
                </line>
                <line number="1241" hits="32" branch="True" condition-coverage="83.33% (5/6)">
                  <conditions>
                    <condition number="131" type="jump" coverage="100%" />
                    <condition number="152" type="jump" coverage="50%" />
                    <condition number="193" type="jump" coverage="100%" />
                  </conditions>
                </line>
                <line number="1242" hits="32" branch="False" />
                <line number="1244" hits="4" branch="False" />
                <line number="1245" hits="4" branch="False" />
                <line number="1252" hits="6" branch="False" />
                <line number="1253" hits="6" branch="False" />
              </lines>
            </method>
            <method name="TryMatchAtCurrentPosition" signature="(System.ReadOnlySpan`1&lt;System.Char&gt;)" line-rate="0.5832999999999999" branch-rate="0.5357" complexity="28">
              <lines>
                <line number="1261" hits="4" branch="False" />
                <line number="1262" hits="4" branch="False" />
                <line number="1264" hits="4" branch="False" />
                <line number="1268" hits="4" branch="False" />
                <line number="1273" hits="4" branch="True" condition-coverage="100% (2/2)">
                  <conditions>
                    <condition number="28" type="jump" coverage="100%" />
                  </conditions>
                </line>
                <line number="1278" hits="3" branch="True" condition-coverage="100% (4/4)">
                  <conditions>
                    <condition number="38" type="jump" coverage="100%" />
                    <condition number="57" type="jump" coverage="100%" />
                  </conditions>
                </line>
                <line number="1279" hits="3" branch="False" />
                <line number="1285" hits="3" branch="True" condition-coverage="100% (2/2)">
                  <conditions>
                    <condition number="68" type="jump" coverage="100%" />
                  </conditions>
                </line>
                <line number="1290" hits="3" branch="False" />
                <line number="1291" hits="3" branch="False" />
                <line number="1292" hits="3" branch="False" />
                <line number="1295" hits="1" branch="False" />
                <line number="1296" hits="1" branch="False" />
                <line number="1302" hits="1" branch="True" condition-coverage="50% (1/2)">
                  <conditions>
                    <condition number="107" type="jump" coverage="50%" />
                  </conditions>
                </line>
                <line number="1307" hits="0" branch="True" condition-coverage="50% (4/8)">
                  <conditions>
                    <condition number="118" type="jump" coverage="50%" />
                    <condition number="137" type="jump" coverage="50%" />
                    <condition number="172" type="jump" coverage="50%" />
                    <condition number="198" type="jump" coverage="50%" />
                  </conditions>
                </line>
                <line number="1308" hits="0" branch="False" />
                <line number="1309" hits="0" branch="False" />
                <line number="1310" hits="0" branch="False" />
                <line number="1316" hits="0" branch="True" condition-coverage="50% (1/2)">
                  <conditions>
                    <condition number="210" type="jump" coverage="50%" />
                  </conditions>
                </line>
                <line number="1321" hits="0" branch="False" />
                <line number="1322" hits="0" branch="False" />
                <line number="1323" hits="0" branch="False" />
[...]
              </conditions>
            </line>
            <line number="48" hits="2" branch="False" />
            <line number="49" hits="0" branch="True" condition-coverage="0% (0/6)">
              <conditions>
                <condition number="96" type="jump" coverage="0%" />
                <condition number="112" type="jump" coverage="0%" />
                <condition number="128" type="jump" coverage="0%" />
              </conditions>
            </line>
            <line number="50" hits="2" branch="True" condition-coverage="100% (2/2)">
              <conditions>
                <condition number="154" type="jump" coverage="100%" />
              </conditions>
            </line>
            <line number="51" hits="0" branch="True" condition-coverage="0% (0/4)">
              <conditions>
                <condition number="190" type="jump" coverage="0%" />
                <condition number="217" type="jump" coverage="0%" />
              </conditions>
            </line>
            <line number="52" hits="0" branch="False" />
            <line number="53" hits="2" branch="False" />
            <line number="10" hits="2" branch="False" />
            <line number="13" hits="1" branch="False" />
          </lines>
        </class>
        <class name="JobTracker.Api.Controllers.ParsingController/&lt;Parse&gt;d__4" filename="Controllers/ParsingController.cs" line-rate="0.7222" branch-rate="0.5" complexity="24">
          <methods>
            <method name="MoveNext" signature="()" line-rate="0.7222" branch-rate="0.5" complexity="24">
              <lines>
                <line number="21" hits="2" branch="True" condition-coverage="25% (1/4)">
                  <conditions>
                    <condition number="52" type="jump" coverage="50%" />
                    <condition number="73" type="jump" coverage="0%" />
                  </conditions>
                </line>
                <line number="22" hits="2" branch="True" condition-coverage="25% (1/4)">
                  <conditions>
                    <condition number="114" type="jump" coverage="50%" />
                    <condition number="137" type="jump" coverage="0%" />
                  </conditions>
                </line>
                <line number="23" hits="2" branch="True" condition-coverage="50% (1/2)">
                  <conditions>
                    <condition number="275" type="jump" coverage="50%" />
                  </conditions>
                </line>
                <line number="24" hits="2" branch="True" condition-coverage="50% (1/2)">
                  <conditions>
                    <condition number="310" type="jump" coverage="50%" />
                  </conditions>
                </line>
                <line number="25" hits="2" branch="True" condition-coverage="50% (3/6)">
                  <conditions>
                    <condition number="356" type="jump" coverage="50%" />
                    <condition number="366" type="jump" coverage="50%" />
                    <condition number="378" type="jump" coverage="50%" />
                  </conditions>
                </line>
                <line number="26" hits="2" branch="True" condition-coverage="50% (1/2)">
                  <conditions>
                    <condition number="433" type="jump" coverage="50%" />
                  </conditions>
                </line>
                <line number="27" hits="0" branch="False" />
                <line number="29" hits="2" branch="False" />
                <line number="30" hits="2" branch="False" />
                <line number="31" hits="2" branch="True" condition-coverage="100% (2/2)">
                  <conditions>
                    <condition number="632" type="jump" coverage="100%" />
                  </conditions>
                </line>
                <line number="32" hits="1" branch="False" />
                <line number="33" hits="1" branch="False" />
                <line number="34" hits="1" branch="True" condition-coverage="100% (2/2)">
                  <conditions>
                    <condition number="865" type="jump" coverage="100%" />
                  </conditions>
                </line>
                <line number="35" hits="0" branch="False" />
                <line number="36" hits="0" branch="False" />
                <line number="37" hits="0" branch="False" />
                <line number="38" hits="0" branch="False" />
                <line number="39" hits="2" branch="False" />
              </lines>
            </method>
          </methods>
          <lines>
            <line number="21" hits="2" branch="True" condition-coverage="25% (1/4)">
              <conditions>
                <condition number="52" type="jump" coverage="50%" />
                <condition number="73" type="jump" coverage="0%" />
              </conditions>
            </line>
            <line number="22" hits="2" branch="True" condition-coverage="25% (1/4)">
              <conditions>
                <condition number="114" type="jump" coverage="50%" />
                <condition number="137" type="jump" coverage="0%" />
              </conditions>
            </line>
            <line number="23" hits="2" branch="True" condition-coverage="50% (1/2)">
              <conditions>
                <condition number="275" type="jump" coverage="50%" />
              </conditions>
            </line>
            <line number="24" hits="2" branch="True" condition-coverage="50% (1/2)">
              <conditions>
                <condition number="310" type="jump" coverage="50%" />
              </conditions>
            </line>
            <line number="25" hits="2" branch="True" condition-coverage="50% (3/6)">
              <conditions>
                <condition number="356" type="jump" coverage="50%" />
                <condition number="366" type="jump" coverage="50%" />
                <condition number="378" type="jump" coverage="50%" />
              </conditions>
            </line>
            <line number="26" hits="2" branch="True" condition-coverage="50% (1/2)">
              <conditions>
                <condition number="433" type="jump" coverage="50%" />
              </conditions>
            </line>
            <line number="27" hits="0" branch="False" />
            <line number="29" hits="2" branch="False" />
            <line number="30" hits="2" branch="False" />
            <line number="31" hits="2" branch="True" condition-coverage="100% (2/2)">
              <conditions>
                <condition number="632" type="jump" coverage="100%" />
              </conditions>
            </line>
            <line number="32" hits="1" branch="False" />
            <line number="33" hits="1" branch="False" />
            <line number="34" hits="1" branch="True" condition-coverage="100% (2/2)">
              <conditions>
                <condition number="865" type="jump" coverage="100%" />
              </conditions>
            </line>
            <line number="35" hits="0" branch="False" />
            <line number="36" hits="0" branch="False" />
            <line number="37" hits="0" branch="False" />
            <line number="38" hits="0" branch="False" />
            <line number="39" hits="2" branch="False" />
          </lines>
        </class>
        <class name="JobTracker.Api.Controllers.PreferencesController" filename="Controllers/PreferencesController.cs" line-rate="0" branch-rate="1" complexity="2">
          <methods>
            <method name="ToResponse" signature="(JobTracker.Api.Models.UserPreference)" line-rate="0" branch-rate="1" complexity="1">
              <lines>
                <line number="39" hits="0" branch="False" />
              </lines>
            </method>
            <method name=".ctor" signature="(JobTracker.Api.Data.AppDbContext)" line-rate="0" branch-rate="1" complexity="1">
              <lines>
                <line number="12" hits="0" branch="False" />
              </lines>
            </method>
          </methods>
          <lines>
            <line number="39" hits="0" branch="False" />
            <line number="12" hits="0" branch="False" />
          </lines>
        </class>
        <class name="JobTracker.Api.Controllers.PreferencesController/&lt;Get&gt;d__2" filename="Controllers/PreferencesController.cs" line-rate="0" branch-rate="1" complexity="1">
          <methods>
            <method name="MoveNext" signature="()" line-rate="0" branch-rate="1" complexity="1">
              <lines>
                <line number="17" hits="0" branch="False" />
                <line number="18" hits="0" branch="False" />
                <line number="19" hits="0" branch="False" />
              </lines>
            </method>
          </methods>
          <lines>
            <line number="17" hits="0" branch="False" />
            <line number="18" hits="0" branch="False" />
            <line number="19" hits="0" branch="False" />
          </lines>
        </class>
        <class name="JobTracker.Api.Controllers.PreferencesController/&lt;GetEntity&gt;d__4" filename="Controllers/PreferencesController.cs" line-rate="0" branch-rate="0" complexity="4">
          <methods>
            <method name="MoveNext" signature="()" line-rate="0" branch-rate="0" complexity="4">
              <lines>
                <line number="33" hits="0" branch="True" condition-coverage="0% (0/2)">
                  <conditions>
                    <condition number="45" type="jump" coverage="0%" />
                  </conditions>
                </line>
                <line number="34" hits="0" branch="False" />
                <line number="35" hits="0" branch="True" condition-coverage="0% (0/2)">
                  <conditions>
                    <condition number="217" type="jump" coverage="0%" />
                  </conditions>
                </line>
                <line number="36" hits="0" branch="False" />
                <line number="37" hits="0" branch="False" />
              </lines>
            </method>
          </methods>
          <lines>
            <line number="33" hits="0" branch="True" condition-coverage="0% (0/2)">
              <conditions>
                <condition number="45" type="jump" coverage="0%" />
              </conditions>
            </line>
            <line number="34" hits="0" branch="False" />
            <line number="35" hits="0" branch="True" condition-coverage="0% (0/2)">
              <conditions>
                <condition number="217" type="jump" coverage="0%" />
              </conditions>
            </line>
            <line number="36" hits="0" branch="False" />
            <line number="37" hits="0" branch="False" />
          </lines>
        </class>
        <class name="JobTracker.Api.Controllers.PreferencesController/&lt;Update&gt;d__3" filename="Controllers/PreferencesController.cs" line-rate="0" branch-rate="0" complexity="6">
          <methods>
            <method name="MoveNext" signature="()" line-rate="0" branch-rate="0" complexity="6">
              <lines>
                <line number="24" hits="0" branch="True" condition-coverage="0% (0/6)">
                  <conditions>
                    <condition number="41" type="jump" coverage="0%" />
                    <condition number="46" type="jump" coverage="0%" />
                    <condition number="58" type="jump" coverage="0%" />
                  </conditions>
                </line>
                <line number="25" hits="0" branch="False" />
                <line number="26" hits="0" branch="False" />
                <line number="27" hits="0" branch="False" />
                <line number="28" hits="0" branch="False" />
                <line number="29" hits="0" branch="False" />
              </lines>
            </method>
          </methods>
          <lines>
            <line number="24" hits="0" branch="True" condition-coverage="0% (0/6)">
              <conditions>
                <condition number="41" type="jump" coverage="0%" />
                <condition number="46" type="jump" coverage="0%" />
                <condition number="58" type="jump" coverage="0%" />
              </conditions>
            </line>
            <line number="25" hits="0" branch="False" />
            <line number="26" hits="0" branch="False" />
            <line number="27" hits="0" branch="False" />
            <line number="28" hits="0" branch="False" />
            <line number="29" hits="0" branch="False" />
          </lines>
        </class>
        <class name="JobTracker.Api.Contracts.RegisterRequest" filename="Contracts/AuthContracts.cs" line-rate="0" branch-rate="1" complexity="1">
          <methods>
            <method name="get_Email" signature="()" line-rate="0" branch-rate="1" complexity="1">
              <lines>
                <line number="3" hits="0" branch="False" />
              </lines>
            </method>
          </methods>
          <lines>
            <line number="3" hits="0" branch="False" />
          </lines>
        </class>
        <class name="JobTracker.Api.Contracts.LoginRequest" filename="Contracts/AuthContracts.cs" line-rate="0" branch-rate="1" complexity="1">
          <methods>
            <method name="get_Email" signature="()" line-rate="0" branch-rate="1" complexity="1">
              <lines>
                <line number="4" hits="0" branch="False" />
              </lines>
            </method>
          </methods>
          <lines>
            <line number="4" hits="0" branch="False" />
          </lines>
        </class>
        <class name="JobTracker.Api.Contracts.AuthResponse" filename="Contracts/AuthContracts.cs" line-rate="0" branch-rate="1" complexity="1">
          <methods>
            <method name="get_Token" signature="()" line-rate="0" branch-rate="1" complexity="1">
              <lines>
                <line number="5" hits="0" branch="False" />
              </lines>
            </method>
          </methods>
          <lines>
            <line number="5" hits="0" branch="False" />
          </lines>
        </class>
        <class name="JobTracker.Api.Contracts.UpdateProfileRequest" filename="Contracts/AuthContracts.cs" line-rate="0" branch-rate="1" complexity="1">
          <methods>
            <method name="get_DisplayName" signature="()" line-rate="0" branch-rate="1" complexity="1">
              <lines>
                <line number="6" hits="0" branch="False" />
              </lines>
            </method>
          </methods>
          <lines>
            <line number="6" hits="0" branch="False" />
          </lines>
        </class>
        <class name="JobTracker.Api.Contracts.MfaSetupResponse" filename="Contracts/AuthContracts.cs" line-rate="0" branch-rate="1" complexity="1">
          <methods>
            <method name="get_Secret" signature="()" line-rate="0" branch-rate="1" complexity="1">
              <lines>
                <line number="7" hits="0" branch="False" />
              </lines>
            </method>
          </methods>
          <lines>
            <line number="7" hits="0" branch="False" />
          </lines>
        </class>
        <class name="JobTracker.Api.Contracts.MfaStatusResponse" filename="Contracts/AuthContracts.cs" line-rate="0" branch-rate="1" complexity="1">
          <methods>
            <method name="get_Enabled" signature="()" line-rate="0" branch-rate="1" complexity="1">
              <lines>
                <line number="8" hits="0" branch="False" />
              </lines>
            </method>
          </methods>
          <lines>
            <line number="8" hits="0" branch="False" />
          </lines>
        </class>
        <class name="JobTracker.Api.Contracts.MfaCodeRequest" filename="Contracts/AuthContracts.cs" line-rate="0" branch-rate="1" complexity="1">
          <methods>
            <method name="get_Code" signature="()" line-rate="0" branch-rate="1" complexity="1">
              <lines>
                <line number="9" hits="0" branch="False" />
              </lines>
            </method>
          </methods>
          <lines>
            <line number="9" hits="0" branch="False" />
          </lines>
        </class>
        <class name="JobTracker.Api.Contracts.ParseJobRequest" filename="Contracts/JobContracts.cs" line-rate="1" branch-rate="1" complexity="1">
          <methods>
            <method name="get_InputType" signature="()" line-rate="1" branch-rate="1" complexity="1">
              <lines>
                <line number="5" hits="8" branch="False" />
              </lines>
            </method>
          </methods>
          <lines>
            <line number="5" hits="8" branch="False" />
          </lines>
        </class>
        <class name="JobTracker.Api.Contracts.ParsedJobResponse" filename="Contracts/JobContracts.cs" line-rate="1" branch-rate="1" complexity="1">
          <methods>
            <method name="get_Company" signature="()" line-rate="1" branch-rate="1" complexity="1">
              <lines>
                <line number="6" hits="48" branch="False" />
              </lines>
            </method>
          </methods>
          <lines>
            <line number="6" hits="48" branch="False" />
          </lines>
        </class>
        <class name="JobTracker.Api.Contracts.CreateJobRequest" filename="Contracts/JobContracts.cs" line-rate="0" branch-rate="1" complexity="1">
          <methods>
            <method name="get_Company" signature="()" line-rate="0" branch-rate="1" complexity="1">
              <lines>
                <line number="7" hits="0" branch="False" />
              </lines>
            </method>
          </methods>
          <lines>
            <line number="7" hits="0" branch="False" />
          </lines>
        </class>
        <class name="JobTracker.Api.Contracts.UpdateJobRequest" filename="Contracts/JobContracts.cs" line-rate="0" branch-rate="1" complexity="1">
          <methods>
            <method name="get_Company" signature="()" line-rate="0" branch-rate="1" complexity="1">
              <lines>
                <line number="8" hits="0" branch="False" />
              </lines>
            </method>
          </methods>
          <lines>
            <line number="8" hits="0" branch="False" />
          </lines>
        </class>
        <class name="JobTracker.Api.Contracts.JobResponse" filename="Contracts/JobContracts.cs" line-rate="0" branch-rate="1" complexity="1">
          <methods>
            <method name="get_Id" signature="()" line-rate="0" branch-rate="1" complexity="1">
              <lines>
                <line number="9" hits="0" branch="False" />
              </lines>
            </method>
          </methods>
          <lines>
            <line number="9" hits="0" branch="False" />
          </lines>
        </class>
        <class name="JobTracker.Api.Contracts.UpdatePreferencesRequest" filename="Contracts/PreferenceContracts.cs" line-rate="0" branch-rate="1" complexity="1">
          <methods>
            <method name="get_DarkMode" signature="()" line-rate="0" branch-rate="1" complexity="1">
              <lines>
                <line number="3" hits="0" branch="False" />
              </lines>
            </method>
          </methods>
          <lines>
            <line number="3" hits="0" branch="False" />
          </lines>
        </class>
        <class name="JobTracker.Api.Contracts.PreferencesResponse" filename="Contracts/PreferenceContracts.cs" line-rate="0" branch-rate="1" complexity="1">
          <methods>
            <method name="get_DarkMode" signature="()" line-rate="0" branch-rate="1" complexity="1">
              <lines>
                <line number="4" hits="0" branch="False" />
              </lines>
            </method>
          </methods>
          <lines>
            <line number="4" hits="0" branch="False" />
          </lines>
        </class>
      </classes>
    </package>
  </packages>
</coverage>